\BOOKMARK [1][-]{section.1}{Introduction}{}% 1
\BOOKMARK [1][-]{section.2}{System Architecture}{}% 2
\BOOKMARK [2][-]{subsection.2.1}{Data Crawler}{section.2}% 3
\BOOKMARK [2][-]{subsection.2.2}{Ontology Populator}{section.2}% 4
\BOOKMARK [2][-]{subsection.2.3}{Website}{section.2}% 5
\BOOKMARK [3][-]{subsubsection.2.3.1}{Backend}{subsection.2.3}% 6
\BOOKMARK [3][-]{subsubsection.2.3.2}{Frontend}{subsection.2.3}% 7
\BOOKMARK [1][-]{section.3}{Ontology Description}{}% 8
\BOOKMARK [2][-]{subsection.3.1}{Genre}{section.3}% 9
\BOOKMARK [2][-]{subsection.3.2}{Media}{section.3}% 10
\BOOKMARK [2][-]{subsection.3.3}{Person}{section.3}% 11
\BOOKMARK [2][-]{subsection.3.4}{Profession}{section.3}% 12
\BOOKMARK [2][-]{subsection.3.5}{Studio}{section.3}% 13
\BOOKMARK [1][-]{section.4}{Module Description}{}% 14
\BOOKMARK [2][-]{subsection.4.1}{Data Crawler}{section.4}% 15
\BOOKMARK [2][-]{subsection.4.2}{Ontology Populator}{section.4}% 16
\BOOKMARK [2][-]{subsection.4.3}{Website}{section.4}% 17
\BOOKMARK [2][-]{subsection.4.4}{Frontend}{section.4}% 18
\BOOKMARK [2][-]{subsection.4.5}{Backend}{section.4}% 19
\BOOKMARK [1][-]{section.5}{Code Structure}{}% 20
\BOOKMARK [2][-]{subsection.5.1}{Data Crawler}{section.5}% 21
\BOOKMARK [2][-]{subsection.5.2}{Ontology Populator}{section.5}% 22
\BOOKMARK [1][-]{section.6}{Conclusions and Future Work}{}% 23
\BOOKMARK [1][-]{section.7}{References}{}% 24
